Line 18: Class MSAdodcLib.Adodc of control Adodc2 was not a loaded control class.
Line 65: Class MSAdodcLib.Adodc of control Adodc1 was not a loaded control class.
Line 148: Class MSDataGridLib.DataGrid of control DataGrid1 was not a loaded control class.
Line 24: The property name _ExtentX in Adodc2 is invalid.
Line 25: The property name _ExtentY in Adodc2 is invalid.
Line 26: The property name ConnectMode in Adodc2 is invalid.
Line 27: The property name CursorLocation in Adodc2 is invalid.
Line 28: The property name IsolationLevel in Adodc2 is invalid.
Line 29: The property name ConnectionTimeout in Adodc2 is invalid.
Line 30: The property name CommandTimeout in Adodc2 is invalid.
Line 31: The property name CursorType in Adodc2 is invalid.
Line 32: The property name LockType in Adodc2 is invalid.
Line 33: The property name CommandType in Adodc2 is invalid.
Line 34: The property name CursorOptions in Adodc2 is invalid.
Line 35: The property name CacheSize in Adodc2 is invalid.
Line 36: The property name MaxRecords in Adodc2 is invalid.
Line 37: The property name BOFAction in Adodc2 is invalid.
Line 38: The property name EOFAction in Adodc2 is invalid.
Line 39: The property name ConnectStringType in Adodc2 is invalid.
Line 43: The property name Orientation in Adodc2 is invalid.
Line 45: The property name Connect in Adodc2 is invalid.
Line 46: The property name OLEDBString in Adodc2 is invalid.
Line 47: The property name OLEDBFile in Adodc2 is invalid.
Line 48: The property name DataSourceName in Adodc2 is invalid.
Line 49: The property name OtherAttributes in Adodc2 is invalid.
Line 50: The property name UserName in Adodc2 is invalid.
Line 51: The property name Password in Adodc2 is invalid.
Line 52: The property name RecordSource in Adodc2 is invalid.
Line 53: The property name Caption in Adodc2 is invalid.
Line 63: The property name _Version in Adodc2 is invalid.
Line 71: The property name _ExtentX in Adodc1 is invalid.
Line 72: The property name _ExtentY in Adodc1 is invalid.
Line 73: The property name ConnectMode in Adodc1 is invalid.
Line 74: The property name CursorLocation in Adodc1 is invalid.
Line 75: The property name IsolationLevel in Adodc1 is invalid.
Line 76: The property name ConnectionTimeout in Adodc1 is invalid.
Line 77: The property name CommandTimeout in Adodc1 is invalid.
Line 78: The property name CursorType in Adodc1 is invalid.
Line 79: The property name LockType in Adodc1 is invalid.
Line 80: The property name CommandType in Adodc1 is invalid.
Line 81: The property name CursorOptions in Adodc1 is invalid.
Line 82: The property name CacheSize in Adodc1 is invalid.
Line 83: The property name MaxRecords in Adodc1 is invalid.
Line 84: The property name BOFAction in Adodc1 is invalid.
Line 85: The property name EOFAction in Adodc1 is invalid.
Line 86: The property name ConnectStringType in Adodc1 is invalid.
Line 90: The property name Orientation in Adodc1 is invalid.
Line 92: The property name Connect in Adodc1 is invalid.
Line 93: The property name OLEDBString in Adodc1 is invalid.
Line 94: The property name OLEDBFile in Adodc1 is invalid.
Line 95: The property name DataSourceName in Adodc1 is invalid.
Line 96: The property name OtherAttributes in Adodc1 is invalid.
Line 97: The property name UserName in Adodc1 is invalid.
Line 98: The property name Password in Adodc1 is invalid.
Line 99: The property name RecordSource in Adodc1 is invalid.
Line 100: The property name Caption in Adodc1 is invalid.
Line 110: The property name _Version in Adodc1 is invalid.
Line 149: The property name Bindings in DataGrid1 is invalid.
Line 155: The property name _ExtentX in DataGrid1 is invalid.
Line 156: The property name _ExtentY in DataGrid1 is invalid.
Line 157: The property name _Version in DataGrid1 is invalid.
Line 160: The property name HeadLines in DataGrid1 is invalid.
Line 161: The property name RowHeight in DataGrid1 is invalid.
Line 170: The property name HeadFont in DataGrid1 is invalid.
Line 180: The property name ColumnCount in DataGrid1 is invalid.
Line 193: The property name Column00 in DataGrid1 is invalid.
Line 206: The property name Column01 in DataGrid1 is invalid.
Line 207: The property name SplitCount in DataGrid1 is invalid.
Line 213: The property name Split0 in DataGrid1 is invalid.
