Line 103: Class MSAdodcLib.Adodc of control Adodc1 was not a loaded control class.
Line 150: Class MSAdodcLib.Adodc of control Adodc2 was not a loaded control class.
Line 109: The property name _ExtentX in Adodc1 is invalid.
Line 110: The property name _ExtentY in Adodc1 is invalid.
Line 111: The property name ConnectMode in Adodc1 is invalid.
Line 112: The property name CursorLocation in Adodc1 is invalid.
Line 113: The property name IsolationLevel in Adodc1 is invalid.
Line 114: The property name ConnectionTimeout in Adodc1 is invalid.
Line 115: The property name CommandTimeout in Adodc1 is invalid.
Line 116: The property name CursorType in Adodc1 is invalid.
Line 117: The property name LockType in Adodc1 is invalid.
Line 118: The property name CommandType in Adodc1 is invalid.
Line 119: The property name CursorOptions in Adodc1 is invalid.
Line 120: The property name CacheSize in Adodc1 is invalid.
Line 121: The property name MaxRecords in Adodc1 is invalid.
Line 122: The property name BOFAction in Adodc1 is invalid.
Line 123: The property name EOFAction in Adodc1 is invalid.
Line 124: The property name ConnectStringType in Adodc1 is invalid.
Line 128: The property name Orientation in Adodc1 is invalid.
Line 130: The property name Connect in Adodc1 is invalid.
Line 131: The property name OLEDBString in Adodc1 is invalid.
Line 132: The property name OLEDBFile in Adodc1 is invalid.
Line 133: The property name DataSourceName in Adodc1 is invalid.
Line 134: The property name OtherAttributes in Adodc1 is invalid.
Line 135: The property name UserName in Adodc1 is invalid.
Line 136: The property name Password in Adodc1 is invalid.
Line 137: The property name RecordSource in Adodc1 is invalid.
Line 138: The property name Caption in Adodc1 is invalid.
Line 148: The property name _Version in Adodc1 is invalid.
Line 156: The property name _ExtentX in Adodc2 is invalid.
Line 157: The property name _ExtentY in Adodc2 is invalid.
Line 158: The property name ConnectMode in Adodc2 is invalid.
Line 159: The property name CursorLocation in Adodc2 is invalid.
Line 160: The property name IsolationLevel in Adodc2 is invalid.
Line 161: The property name ConnectionTimeout in Adodc2 is invalid.
Line 162: The property name CommandTimeout in Adodc2 is invalid.
Line 163: The property name CursorType in Adodc2 is invalid.
Line 164: The property name LockType in Adodc2 is invalid.
Line 165: The property name CommandType in Adodc2 is invalid.
Line 166: The property name CursorOptions in Adodc2 is invalid.
Line 167: The property name CacheSize in Adodc2 is invalid.
Line 168: The property name MaxRecords in Adodc2 is invalid.
Line 169: The property name BOFAction in Adodc2 is invalid.
Line 170: The property name EOFAction in Adodc2 is invalid.
Line 171: The property name ConnectStringType in Adodc2 is invalid.
Line 175: The property name Orientation in Adodc2 is invalid.
Line 177: The property name Connect in Adodc2 is invalid.
Line 178: The property name OLEDBString in Adodc2 is invalid.
Line 179: The property name OLEDBFile in Adodc2 is invalid.
Line 180: The property name DataSourceName in Adodc2 is invalid.
Line 181: The property name OtherAttributes in Adodc2 is invalid.
Line 182: The property name UserName in Adodc2 is invalid.
Line 183: The property name Password in Adodc2 is invalid.
Line 184: The property name RecordSource in Adodc2 is invalid.
Line 185: The property name Caption in Adodc2 is invalid.
Line 195: The property name _Version in Adodc2 is invalid.
