Line 28: Class MSComCtl2.DTPicker of control Dt was not a loaded control class.
Line 40: Class MSDataGridLib.DataGrid of control DataGrid2 was not a loaded control class.
Line 215: Class MSAdodcLib.Adodc of control Adodc3 was not a loaded control class.
Line 262: Class MSAdodcLib.Adodc of control Adodc2 was not a loaded control class.
Line 309: Class MSAdodcLib.Adodc of control Adodc1 was not a loaded control class.
Line 364: Class MSDataGridLib.DataGrid of control DataGrid1 was not a loaded control class.
Line 34: The property name _ExtentX in Dt is invalid.
Line 35: The property name _ExtentY in Dt is invalid.
Line 36: The property name _Version in Dt is invalid.
Line 37: The property name Format in Dt is invalid.
Line 38: The property name CurrentDate in Dt is invalid.
Line 41: The property name Bindings in DataGrid2 is invalid.
Line 47: The property name _ExtentX in DataGrid2 is invalid.
Line 48: The property name _ExtentY in DataGrid2 is invalid.
Line 49: The property name _Version in DataGrid2 is invalid.
Line 50: The property name HeadLines in DataGrid2 is invalid.
Line 51: The property name RowHeight in DataGrid2 is invalid.
Line 60: The property name HeadFont in DataGrid2 is invalid.
Line 70: The property name ColumnCount in DataGrid2 is invalid.
Line 83: The property name Column00 in DataGrid2 is invalid.
Line 96: The property name Column01 in DataGrid2 is invalid.
Line 97: The property name SplitCount in DataGrid2 is invalid.
Line 103: The property name Split0 in DataGrid2 is invalid.
Line 221: The property name _ExtentX in Adodc3 is invalid.
Line 222: The property name _ExtentY in Adodc3 is invalid.
Line 223: The property name ConnectMode in Adodc3 is invalid.
Line 224: The property name CursorLocation in Adodc3 is invalid.
Line 225: The property name IsolationLevel in Adodc3 is invalid.
Line 226: The property name ConnectionTimeout in Adodc3 is invalid.
Line 227: The property name CommandTimeout in Adodc3 is invalid.
Line 228: The property name CursorType in Adodc3 is invalid.
Line 229: The property name LockType in Adodc3 is invalid.
Line 230: The property name CommandType in Adodc3 is invalid.
Line 231: The property name CursorOptions in Adodc3 is invalid.
Line 232: The property name CacheSize in Adodc3 is invalid.
Line 233: The property name MaxRecords in Adodc3 is invalid.
Line 234: The property name BOFAction in Adodc3 is invalid.
Line 235: The property name EOFAction in Adodc3 is invalid.
Line 236: The property name ConnectStringType in Adodc3 is invalid.
Line 240: The property name Orientation in Adodc3 is invalid.
Line 242: The property name Connect in Adodc3 is invalid.
Line 243: The property name OLEDBString in Adodc3 is invalid.
Line 244: The property name OLEDBFile in Adodc3 is invalid.
Line 245: The property name DataSourceName in Adodc3 is invalid.
Line 246: The property name OtherAttributes in Adodc3 is invalid.
Line 247: The property name UserName in Adodc3 is invalid.
Line 248: The property name Password in Adodc3 is invalid.
Line 249: The property name RecordSource in Adodc3 is invalid.
Line 250: The property name Caption in Adodc3 is invalid.
Line 260: The property name _Version in Adodc3 is invalid.
Line 268: The property name _ExtentX in Adodc2 is invalid.
Line 269: The property name _ExtentY in Adodc2 is invalid.
Line 270: The property name ConnectMode in Adodc2 is invalid.
Line 271: The property name CursorLocation in Adodc2 is invalid.
Line 272: The property name IsolationLevel in Adodc2 is invalid.
Line 273: The property name ConnectionTimeout in Adodc2 is invalid.
Line 274: The property name CommandTimeout in Adodc2 is invalid.
Line 275: The property name CursorType in Adodc2 is invalid.
Line 276: The property name LockType in Adodc2 is invalid.
Line 277: The property name CommandType in Adodc2 is invalid.
Line 278: The property name CursorOptions in Adodc2 is invalid.
Line 279: The property name CacheSize in Adodc2 is invalid.
Line 280: The property name MaxRecords in Adodc2 is invalid.
Line 281: The property name BOFAction in Adodc2 is invalid.
Line 282: The property name EOFAction in Adodc2 is invalid.
Line 283: The property name ConnectStringType in Adodc2 is invalid.
Line 287: The property name Orientation in Adodc2 is invalid.
Line 289: The property name Connect in Adodc2 is invalid.
Line 290: The property name OLEDBString in Adodc2 is invalid.
Line 291: The property name OLEDBFile in Adodc2 is invalid.
Line 292: The property name DataSourceName in Adodc2 is invalid.
Line 293: The property name OtherAttributes in Adodc2 is invalid.
Line 294: The property name UserName in Adodc2 is invalid.
Line 295: The property name Password in Adodc2 is invalid.
Line 296: The property name RecordSource in Adodc2 is invalid.
Line 297: The property name Caption in Adodc2 is invalid.
Line 307: The property name _Version in Adodc2 is invalid.
Line 315: The property name _ExtentX in Adodc1 is invalid.
Line 316: The property name _ExtentY in Adodc1 is invalid.
Line 317: The property name ConnectMode in Adodc1 is invalid.
Line 318: The property name CursorLocation in Adodc1 is invalid.
Line 319: The property name IsolationLevel in Adodc1 is invalid.
Line 320: The property name ConnectionTimeout in Adodc1 is invalid.
Line 321: The property name CommandTimeout in Adodc1 is invalid.
Line 322: The property name CursorType in Adodc1 is invalid.
Line 323: The property name LockType in Adodc1 is invalid.
Line 324: The property name CommandType in Adodc1 is invalid.
Line 325: The property name CursorOptions in Adodc1 is invalid.
Line 326: The property name CacheSize in Adodc1 is invalid.
Line 327: The property name MaxRecords in Adodc1 is invalid.
Line 328: The property name BOFAction in Adodc1 is invalid.
Line 329: The property name EOFAction in Adodc1 is invalid.
Line 330: The property name ConnectStringType in Adodc1 is invalid.
Line 334: The property name Orientation in Adodc1 is invalid.
Line 336: The property name Connect in Adodc1 is invalid.
Line 337: The property name OLEDBString in Adodc1 is invalid.
Line 338: The property name OLEDBFile in Adodc1 is invalid.
Line 339: The property name DataSourceName in Adodc1 is invalid.
Line 340: The property name OtherAttributes in Adodc1 is invalid.
Line 341: The property name UserName in Adodc1 is invalid.
Line 342: The property name Password in Adodc1 is invalid.
Line 343: The property name RecordSource in Adodc1 is invalid.
Line 344: The property name Caption in Adodc1 is invalid.
Line 354: The property name _Version in Adodc1 is invalid.
Line 365: The property name Bindings in DataGrid1 is invalid.
Line 371: The property name _ExtentX in DataGrid1 is invalid.
Line 372: The property name _ExtentY in DataGrid1 is invalid.
Line 373: The property name _Version in DataGrid1 is invalid.
Line 374: The property name HeadLines in DataGrid1 is invalid.
Line 375: The property name RowHeight in DataGrid1 is invalid.
Line 384: The property name HeadFont in DataGrid1 is invalid.
Line 394: The property name ColumnCount in DataGrid1 is invalid.
Line 407: The property name Column00 in DataGrid1 is invalid.
Line 420: The property name Column01 in DataGrid1 is invalid.
Line 421: The property name SplitCount in DataGrid1 is invalid.
Line 427: The property name Split0 in DataGrid1 is invalid.
