Line 27: Class MSAdodcLib.Adodc of control Adodc2 was not a loaded control class.
Line 74: Class MSAdodcLib.Adodc of control Adodc1 was not a loaded control class.
Line 239: Class MSDataGridLib.DataGrid of control DataGrid1 was not a loaded control class.
Line 33: The property name _ExtentX in Adodc2 is invalid.
Line 34: The property name _ExtentY in Adodc2 is invalid.
Line 35: The property name ConnectMode in Adodc2 is invalid.
Line 36: The property name CursorLocation in Adodc2 is invalid.
Line 37: The property name IsolationLevel in Adodc2 is invalid.
Line 38: The property name ConnectionTimeout in Adodc2 is invalid.
Line 39: The property name CommandTimeout in Adodc2 is invalid.
Line 40: The property name CursorType in Adodc2 is invalid.
Line 41: The property name LockType in Adodc2 is invalid.
Line 42: The property name CommandType in Adodc2 is invalid.
Line 43: The property name CursorOptions in Adodc2 is invalid.
Line 44: The property name CacheSize in Adodc2 is invalid.
Line 45: The property name MaxRecords in Adodc2 is invalid.
Line 46: The property name BOFAction in Adodc2 is invalid.
Line 47: The property name EOFAction in Adodc2 is invalid.
Line 48: The property name ConnectStringType in Adodc2 is invalid.
Line 52: The property name Orientation in Adodc2 is invalid.
Line 54: The property name Connect in Adodc2 is invalid.
Line 55: The property name OLEDBString in Adodc2 is invalid.
Line 56: The property name OLEDBFile in Adodc2 is invalid.
Line 57: The property name DataSourceName in Adodc2 is invalid.
Line 58: The property name OtherAttributes in Adodc2 is invalid.
Line 59: The property name UserName in Adodc2 is invalid.
Line 60: The property name Password in Adodc2 is invalid.
Line 61: The property name RecordSource in Adodc2 is invalid.
Line 62: The property name Caption in Adodc2 is invalid.
Line 72: The property name _Version in Adodc2 is invalid.
Line 80: The property name _ExtentX in Adodc1 is invalid.
Line 81: The property name _ExtentY in Adodc1 is invalid.
Line 82: The property name ConnectMode in Adodc1 is invalid.
Line 83: The property name CursorLocation in Adodc1 is invalid.
Line 84: The property name IsolationLevel in Adodc1 is invalid.
Line 85: The property name ConnectionTimeout in Adodc1 is invalid.
Line 86: The property name CommandTimeout in Adodc1 is invalid.
Line 87: The property name CursorType in Adodc1 is invalid.
Line 88: The property name LockType in Adodc1 is invalid.
Line 89: The property name CommandType in Adodc1 is invalid.
Line 90: The property name CursorOptions in Adodc1 is invalid.
Line 91: The property name CacheSize in Adodc1 is invalid.
Line 92: The property name MaxRecords in Adodc1 is invalid.
Line 93: The property name BOFAction in Adodc1 is invalid.
Line 94: The property name EOFAction in Adodc1 is invalid.
Line 95: The property name ConnectStringType in Adodc1 is invalid.
Line 99: The property name Orientation in Adodc1 is invalid.
Line 101: The property name Connect in Adodc1 is invalid.
Line 102: The property name OLEDBString in Adodc1 is invalid.
Line 103: The property name OLEDBFile in Adodc1 is invalid.
Line 104: The property name DataSourceName in Adodc1 is invalid.
Line 105: The property name OtherAttributes in Adodc1 is invalid.
Line 106: The property name UserName in Adodc1 is invalid.
Line 107: The property name Password in Adodc1 is invalid.
Line 108: The property name RecordSource in Adodc1 is invalid.
Line 109: The property name Caption in Adodc1 is invalid.
Line 119: The property name _Version in Adodc1 is invalid.
Line 240: The property name Bindings in DataGrid1 is invalid.
Line 246: The property name _ExtentX in DataGrid1 is invalid.
Line 247: The property name _ExtentY in DataGrid1 is invalid.
Line 248: The property name _Version in DataGrid1 is invalid.
Line 251: The property name HeadLines in DataGrid1 is invalid.
Line 252: The property name RowHeight in DataGrid1 is invalid.
Line 261: The property name HeadFont in DataGrid1 is invalid.
Line 271: The property name ColumnCount in DataGrid1 is invalid.
Line 284: The property name Column00 in DataGrid1 is invalid.
Line 297: The property name Column01 in DataGrid1 is invalid.
Line 298: The property name SplitCount in DataGrid1 is invalid.
Line 304: The property name Split0 in DataGrid1 is invalid.
